<?xml version="1.0" encoding="UTF-8"?>
<!-- Generated by org.testng.reporters.JUnitReportReporter -->
<testsuite hostname="DESKTOP-TQQRH66" failures="0" tests="1" name="org.cressanda.IFM.TestScripts.CommonScripts" time="0.014" errors="0" timestamp="2024-08-19T01:03:00 IST" skipped="0">
  <testcase classname="org.cressanda.IFM.TestScripts.CommonScripts" name="commonScript" time="0.014"/>
</testsuite> <!-- org.cressanda.IFM.TestScripts.CommonScripts -->
